ERROR - 2023-11-24 05:33:42 --> mysqli_sql_exception: Unknown column 'product_id' in 'order clause' in /var/www/html/Arcade/system/Database/MySQLi/Connection.php:306
Stack trace:
#0 /var/www/html/Arcade/system/Database/MySQLi/Connection.php(306): mysqli->query()
#1 /var/www/html/Arcade/system/Database/BaseConnection.php(693): CodeIgniter\Database\MySQLi\Connection->execute()
#2 /var/www/html/Arcade/system/Database/BaseConnection.php(607): CodeIgniter\Database\BaseConnection->simpleQuery()
#3 /var/www/html/Arcade/system/Database/BaseBuilder.php(1615): CodeIgniter\Database\BaseConnection->query()
#4 /var/www/html/Arcade/system/Model.php(237): CodeIgniter\Database\BaseBuilder->get()
#5 /var/www/html/Arcade/system/BaseModel.php(624): CodeIgniter\Model->doFindAll()
#6 /var/www/html/Arcade/app/Controllers/ProductController.php(18): CodeIgniter\BaseModel->findAll()
#7 /var/www/html/Arcade/system/CodeIgniter.php(942): App\Controllers\ProductController->index()
#8 /var/www/html/Arcade/system/CodeIgniter.php(502): CodeIgniter\CodeIgniter->runController()
#9 /var/www/html/Arcade/system/CodeIgniter.php(361): CodeIgniter\CodeIgniter->handleRequest()
#10 /var/www/html/Arcade/public/index.php(79): CodeIgniter\CodeIgniter->run()
#11 /var/www/html/Arcade/system/Commands/Server/rewrite.php(47): require_once('...')
#12 {main}
CRITICAL - 2023-11-24 05:33:42 --> Unknown column 'product_id' in 'order clause'
in SYSTEMPATH/Database/BaseConnection.php on line 647.
 1 SYSTEMPATH/Database/BaseBuilder.php(1615): CodeIgniter\Database\BaseConnection->query()
 2 SYSTEMPATH/Model.php(237): CodeIgniter\Database\BaseBuilder->get()
 3 SYSTEMPATH/BaseModel.php(624): CodeIgniter\Model->doFindAll()
 4 APPPATH/Controllers/ProductController.php(18): CodeIgniter\BaseModel->findAll()
 5 SYSTEMPATH/CodeIgniter.php(942): App\Controllers\ProductController->index()
 6 SYSTEMPATH/CodeIgniter.php(502): CodeIgniter\CodeIgniter->runController()
 7 SYSTEMPATH/CodeIgniter.php(361): CodeIgniter\CodeIgniter->handleRequest()
 8 FCPATH/index.php(79): CodeIgniter\CodeIgniter->run()
 9 SYSTEMPATH/Commands/Server/rewrite.php(47): require_once('/var/www/html/Arcade/public/index.php')
CRITICAL - 2023-11-24 05:34:56 --> Undefined array key "product_id"
in APPPATH/Views/products.php on line 50.
 1 APPPATH/Views/products.php(50): CodeIgniter\Debug\Exceptions->errorHandler()
 2 SYSTEMPATH/View/View.php(228): include('/var/www/html/Arcade/app/Views/products.php')
 3 SYSTEMPATH/View/View.php(231): CodeIgniter\View\View->CodeIgniter\View\{closure}()
 4 SYSTEMPATH/Common.php(1190): CodeIgniter\View\View->render()
 5 APPPATH/Controllers/ProductController.php(19): view()
 6 SYSTEMPATH/CodeIgniter.php(942): App\Controllers\ProductController->index()
 7 SYSTEMPATH/CodeIgniter.php(502): CodeIgniter\CodeIgniter->runController()
 8 SYSTEMPATH/CodeIgniter.php(361): CodeIgniter\CodeIgniter->handleRequest()
 9 FCPATH/index.php(79): CodeIgniter\CodeIgniter->run()
10 SYSTEMPATH/Commands/Server/rewrite.php(47): require_once('/var/www/html/Arcade/public/index.php')
ERROR - 2023-11-24 05:35:43 --> mysqli_sql_exception: Unknown column 'product_id' in 'where clause' in /var/www/html/Arcade/system/Database/MySQLi/Connection.php:306
Stack trace:
#0 /var/www/html/Arcade/system/Database/MySQLi/Connection.php(306): mysqli->query()
#1 /var/www/html/Arcade/system/Database/BaseConnection.php(693): CodeIgniter\Database\MySQLi\Connection->execute()
#2 /var/www/html/Arcade/system/Database/BaseConnection.php(607): CodeIgniter\Database\BaseConnection->simpleQuery()
#3 /var/www/html/Arcade/system/Database/BaseBuilder.php(2790): CodeIgniter\Database\BaseConnection->query()
#4 /var/www/html/Arcade/system/Model.php(445): CodeIgniter\Database\BaseBuilder->delete()
#5 /var/www/html/Arcade/system/BaseModel.php(1080): CodeIgniter\Model->doDelete()
#6 /var/www/html/Arcade/app/Controllers/ProductController.php(65): CodeIgniter\BaseModel->delete()
#7 /var/www/html/Arcade/system/CodeIgniter.php(942): App\Controllers\ProductController->delete()
#8 /var/www/html/Arcade/system/CodeIgniter.php(502): CodeIgniter\CodeIgniter->runController()
#9 /var/www/html/Arcade/system/CodeIgniter.php(361): CodeIgniter\CodeIgniter->handleRequest()
#10 /var/www/html/Arcade/public/index.php(79): CodeIgniter\CodeIgniter->run()
#11 /var/www/html/Arcade/system/Commands/Server/rewrite.php(47): require_once('...')
#12 {main}
CRITICAL - 2023-11-24 05:35:43 --> Unknown column 'product_id' in 'where clause'
in SYSTEMPATH/Database/BaseConnection.php on line 647.
 1 SYSTEMPATH/Database/BaseBuilder.php(2790): CodeIgniter\Database\BaseConnection->query()
 2 SYSTEMPATH/Model.php(445): CodeIgniter\Database\BaseBuilder->delete()
 3 SYSTEMPATH/BaseModel.php(1080): CodeIgniter\Model->doDelete()
 4 APPPATH/Controllers/ProductController.php(65): CodeIgniter\BaseModel->delete()
 5 SYSTEMPATH/CodeIgniter.php(942): App\Controllers\ProductController->delete()
 6 SYSTEMPATH/CodeIgniter.php(502): CodeIgniter\CodeIgniter->runController()
 7 SYSTEMPATH/CodeIgniter.php(361): CodeIgniter\CodeIgniter->handleRequest()
 8 FCPATH/index.php(79): CodeIgniter\CodeIgniter->run()
 9 SYSTEMPATH/Commands/Server/rewrite.php(47): require_once('/var/www/html/Arcade/public/index.php')
CRITICAL - 2023-11-24 06:42:21 --> Class "Controller" not found
in APPPATH/Controllers/Auth/LoginController.php on line 2.
 1 SYSTEMPATH/Autoloader/Autoloader.php(312): include_once()
 2 SYSTEMPATH/Autoloader/Autoloader.php(291): CodeIgniter\Autoloader\Autoloader->includeFile()
 3 SYSTEMPATH/Autoloader/Autoloader.php(269): CodeIgniter\Autoloader\Autoloader->loadInNamespace()
 4 [internal function]: CodeIgniter\Autoloader\Autoloader->loadClass()
 5 SYSTEMPATH/CodeIgniter.php(900): class_exists()
 6 SYSTEMPATH/CodeIgniter.php(489): CodeIgniter\CodeIgniter->startController()
 7 SYSTEMPATH/CodeIgniter.php(361): CodeIgniter\CodeIgniter->handleRequest()
 8 FCPATH/index.php(79): CodeIgniter\CodeIgniter->run()
 9 SYSTEMPATH/Commands/Server/rewrite.php(47): require_once('/var/www/html/Arcade/public/index.php')
CRITICAL - 2023-11-24 09:35:21 --> Namespace declaration statement has to be the very first statement or after any declare call in the script
in APPPATH/Controllers/Auth/LoginController.php on line 3.
 1 [internal function]: CodeIgniter\Debug\Exceptions->shutdownHandler()
CRITICAL - 2023-11-24 09:36:31 --> syntax error, unexpected token "exit", expecting "function" or "const"
in APPPATH/Controllers/Auth/LoginController.php on line 14.
 1 SYSTEMPATH/Autoloader/Autoloader.php(291): CodeIgniter\Autoloader\Autoloader->includeFile()
 2 SYSTEMPATH/Autoloader/Autoloader.php(269): CodeIgniter\Autoloader\Autoloader->loadInNamespace()
 3 [internal function]: CodeIgniter\Autoloader\Autoloader->loadClass()
 4 SYSTEMPATH/CodeIgniter.php(900): class_exists()
 5 SYSTEMPATH/CodeIgniter.php(489): CodeIgniter\CodeIgniter->startController()
 6 SYSTEMPATH/CodeIgniter.php(361): CodeIgniter\CodeIgniter->handleRequest()
 7 FCPATH/index.php(79): CodeIgniter\CodeIgniter->run()
 8 SYSTEMPATH/Commands/Server/rewrite.php(47): require_once('/var/www/html/Arcade/public/index.php')
CRITICAL - 2023-11-24 09:39:01 --> syntax error, unexpected token "exit", expecting "function" or "const"
in APPPATH/Controllers/Auth/LoginController.php on line 14.
 1 SYSTEMPATH/Autoloader/Autoloader.php(291): CodeIgniter\Autoloader\Autoloader->includeFile()
 2 SYSTEMPATH/Autoloader/Autoloader.php(269): CodeIgniter\Autoloader\Autoloader->loadInNamespace()
 3 [internal function]: CodeIgniter\Autoloader\Autoloader->loadClass()
 4 SYSTEMPATH/CodeIgniter.php(900): class_exists()
 5 SYSTEMPATH/CodeIgniter.php(489): CodeIgniter\CodeIgniter->startController()
 6 SYSTEMPATH/CodeIgniter.php(361): CodeIgniter\CodeIgniter->handleRequest()
 7 FCPATH/index.php(79): CodeIgniter\CodeIgniter->run()
 8 SYSTEMPATH/Commands/Server/rewrite.php(47): require_once('/var/www/html/Arcade/public/index.php')
